{
  "stats": {
    "suites": 2,
    "tests": 2,
    "passes": 2,
    "pending": 0,
    "failures": 0,
    "start": "2022-12-22T14:33:07.443Z",
    "end": "2022-12-22T14:33:08.004Z",
    "duration": 561,
    "testsRegistered": 2,
    "passPercent": 100,
    "pendingPercent": 0,
    "other": 0,
    "hasOther": false,
    "skipped": 0,
    "hasSkipped": false
  },
  "results": [
    {
      "uuid": "434a50a1-ac7f-4102-8179-8bfe75bd34e8",
      "title": "",
      "fullFile": "",
      "file": "",
      "beforeHooks": [],
      "afterHooks": [],
      "tests": [],
      "suites": [
        {
          "uuid": "2e9c05c2-2008-4c97-a064-345c918af769",
          "title": "POST /login",
          "fullFile": "D:\\Automation\\Sanbercode\\API-Automation\\API\\Test\\userLogin.js",
          "file": "\\API\\Test\\userLogin.js",
          "beforeHooks": [],
          "afterHooks": [],
          "tests": [
            {
              "title": "create new users",
              "fullTitle": "POST /login create new users",
              "timedOut": false,
              "duration": 275,
              "state": "passed",
              "speed": "slow",
              "pass": true,
              "fail": false,
              "pending": false,
              "context": null,
              "code": "const response = await request\n    .post(\"/login\")\n    .send({\n        \"email\":\"Developer5@gmail.com\",\n\t            \"password\":123456\n    });\nexpect (response.status).to.eql(200);\n// expect (response.body.name).to.eql(USER_DATA.name);\n// expect (response.body.job).to.eql(USER_DATA.job);",
              "err": {},
              "uuid": "cf048468-d58f-4f2e-8ef9-349bb8ef90a2",
              "parentUUID": "2e9c05c2-2008-4c97-a064-345c918af769",
              "isHook": false,
              "skipped": false
            }
          ],
          "suites": [],
          "passes": [
            "cf048468-d58f-4f2e-8ef9-349bb8ef90a2"
          ],
          "failures": [],
          "pending": [],
          "skipped": [],
          "duration": 275,
          "root": false,
          "rootEmpty": false,
          "_timeout": 2000
        },
        {
          "uuid": "3c22d725-5a46-45e5-bfe8-4b291333385a",
          "title": "POST /registration",
          "fullFile": "D:\\Automation\\Sanbercode\\API-Automation\\API\\Test\\userRegistration.js",
          "file": "\\API\\Test\\userRegistration.js",
          "beforeHooks": [],
          "afterHooks": [],
          "tests": [
            {
              "title": "create new users",
              "fullTitle": "POST /registration create new users",
              "timedOut": false,
              "duration": 273,
              "state": "passed",
              "speed": "slow",
              "pass": true,
              "fail": false,
              "pending": false,
              "context": null,
              "code": "const response = await request\n    .post(\"/registration\")\n    .send({\n        \"name\":\"Developer\",\n        \"email\":\"Developer5@gmail.com\",\n        \"password\":123456\n    });\nexpect (response.status).to.eql(200);\n// expect (response.body.name).to.eql(USER_DATA.name);\n// expect (response.body.job).to.eql(USER_DATA.job);",
              "err": {},
              "uuid": "54fc53fb-930f-4591-8dc0-54bbb7f1d643",
              "parentUUID": "3c22d725-5a46-45e5-bfe8-4b291333385a",
              "isHook": false,
              "skipped": false
            }
          ],
          "suites": [],
          "passes": [
            "54fc53fb-930f-4591-8dc0-54bbb7f1d643"
          ],
          "failures": [],
          "pending": [],
          "skipped": [],
          "duration": 273,
          "root": false,
          "rootEmpty": false,
          "_timeout": 2000
        }
      ],
      "passes": [],
      "failures": [],
      "pending": [],
      "skipped": [],
      "duration": 0,
      "root": true,
      "rootEmpty": true,
      "_timeout": 2000
    }
  ],
  "meta": {
    "mocha": {
      "version": "10.2.0"
    },
    "mochawesome": {
      "options": {
        "quiet": false,
        "reportFilename": "mochawesome",
        "saveHtml": true,
        "saveJson": true,
        "consoleReporter": "spec",
        "useInlineDiffs": false,
        "code": true
      },
      "version": "7.1.3"
    },
    "marge": {
      "options": null,
      "version": "6.2.0"
    }
  }
}